  Compiling CUDA source file main.cu...
  
  C:\Users\domin\cudadir\cuda_lab2\visualstudio\cuda_lab2_cudatoolkit_11.6\cuda_lab2_cudatoolkit_11.6>"C:\Program Files\NVIDIA GPU Computing Toolkit\CUDA\v11.6\bin\nvcc.exe" -gencode=arch=compute_52,code=\"sm_52,compute_52\" --use-local-env -ccbin "C:\Program Files (x86)\Microsoft Visual Studio\2019\Community\VC\Tools\MSVC\14.29.30133\bin\HostX86\x64" -x cu -rdc=true  -I"C:\Program Files\NVIDIA GPU Computing Toolkit\CUDA\v11.6\include" -I"C:\Program Files\NVIDIA GPU Computing Toolkit\CUDA\v11.6\include"     --keep-dir x64\Release  -maxrregcount=0  --machine 64 --compile -cudart static    -DWIN32 -DWIN64 -DNDEBUG -D_CONSOLE -D_MBCS -Xcompiler "/EHsc /W3 /nologo /O2 /Fdx64\Release\vc142.pdb /FS   /MD " -o x64\Release\main.cu.obj "C:\Users\domin\cudadir\cuda_lab2\visualstudio\cuda_lab2_cudatoolkit_11.6\cuda_lab2_cudatoolkit_11.6\main.cu" 
  main.cu
C:\Users\domin\cudadir\cuda_lab2\visualstudio\cuda_lab2_cudatoolkit_11.6\cuda_lab2_cudatoolkit_11.6\main.cu(26): warning C4244: "inicjowanie": konwersja z "double" do "float", możliwa utrata danych
  
  C:\Users\domin\cudadir\cuda_lab2\visualstudio\cuda_lab2_cudatoolkit_11.6\cuda_lab2_cudatoolkit_11.6>"C:\Program Files\NVIDIA GPU Computing Toolkit\CUDA\v11.6\bin\nvcc.exe" -dlink -o x64\Release\cuda_lab2_cudatoolkit_11.6.device-link.obj -Xcompiler "/EHsc /W3 /nologo /O2 /Fdx64\Release\vc142.pdb   /MD " -L"C:\Program Files\NVIDIA GPU Computing Toolkit\CUDA\v11.6\bin/crt" -L"C:\Program Files\NVIDIA GPU Computing Toolkit\CUDA\v11.6\lib\x64" cudadevrt.lib cudart_static.lib kernel32.lib user32.lib gdi32.lib winspool.lib comdlg32.lib advapi32.lib shell32.lib ole32.lib oleaut32.lib uuid.lib odbc32.lib odbccp32.lib cudart.lib  -gencode=arch=compute_52,code=sm_52  --machine 64 x64\Release\sorter.cu.obj x64\Release\integrator.cu.obj x64\Release\main.cu.obj 
  cudadevrt.lib
  cudart_static.lib
  kernel32.lib
  user32.lib
  gdi32.lib
  winspool.lib
  comdlg32.lib
  advapi32.lib
  shell32.lib
  ole32.lib
  oleaut32.lib
  uuid.lib
  odbc32.lib
  odbccp32.lib
  cudart.lib
  sorter.cu.obj
  integrator.cu.obj
  main.cu.obj
     Trwa tworzenie biblioteki C:\Users\domin\cudadir\cuda_lab2\visualstudio\cuda_lab2_cudatoolkit_11.6\x64\Release\cuda_lab2_cudatoolkit_11.6.lib i obiektu C:\Users\domin\cudadir\cuda_lab2\visualstudio\cuda_lab2_cudatoolkit_11.6\x64\Release\cuda_lab2_cudatoolkit_11.6.exp
  LINK : określono opcję /LTCG, lecz generowanie kodu nie było wymagane; usuń opcję /LTCG z wiersza polecenia konsolidatora w celu podwyższenia wydajności konsolidatora
  cuda_lab2_cudatoolkit_11.6.vcxproj -> C:\Users\domin\cudadir\cuda_lab2\visualstudio\cuda_lab2_cudatoolkit_11.6\x64\Release\cuda_lab2_cudatoolkit_11.6.exe
